<?xml version="1.0" encoding="UTF-8"?>
<testsuite xmlns:xsi="http://www.w3.org/2001/XMLSchema-instance" xsi:noNamespaceSchemaLocation="https://maven.apache.org/surefire/maven-surefire-plugin/xsd/surefire-test-report-3.0.xsd" version="3.0" name="com.circleboom.runner.TestRunner" time="46.145" tests="1" errors="1" skipped="0" failures="0">
  <properties>
[...]
</properties>
  <testcase name="Post my message free account" classname="Create New Post with Free Account" time="44.863">
    <error type="org.openqa.selenium.TimeoutException"><![CDATA[org.openqa.selenium.TimeoutException: 
Expected condition failed: waiting for element to be clickable: [[ChromeDriver: chrome on MAC (b7ab7c338d30dfbd03f42796faf246ea)] -> xpath: //a[contains(@class,'sidenav_new_post')]] (tried for 15 second(s) with 500 milliseconds interval)
Build info: version: '4.1.1', revision: 'e8fcc2cecf'
System info: host: 'Kaufers-MacBook-Pro.local', ip: 'fe80:0:0:0:48d:8354:e306:b098%en0', os.name: 'Mac OS X', os.arch: 'x86_64', os.version: '10.15.6', java.version: '13.0.2'
Driver info: org.openqa.selenium.chrome.ChromeDriver
Capabilities {acceptInsecureCerts: false, browserName: chrome, browserVersion: 106.0.5249.119, chrome: {chromedriverVersion: 106.0.5249.61 (511755355844..., userDataDir: /var/folders/5c/y1zp5cjd5sn...}, goog:chromeOptions: {debuggerAddress: localhost:57835}, javascriptEnabled: true, networkConnectionEnabled: false, pageLoadStrategy: eager, platform: MAC, platformName: MAC, proxy: Proxy(), se:cdp: ws://localhost:57835/devtoo..., se:cdpVersion: 106.0.5249.119, setWindowRect: true, strictFileInteractability: false, timeouts: {implicit: 0, pageLoad: 300000, script: 30000}, unhandledPromptBehavior: dismiss and notify, webauthn:extension:credBlob: true, webauthn:extension:largeBlob: true, webauthn:virtualAuthenticators: true}
Session ID: b7ab7c338d30dfbd03f42796faf246ea
]]></error>
    <system-out><![CDATA[
@Regression @CreateNewPost_FreeAccount @postMessage22
Scenario: Post my message free account                  &amp#27;[90m# src/test/resources/com/circleboom/features/CreateNewPost_FreeAccount.feature:38&amp#27;[0m
Before hooks
browser = chrome
1280 720
**************Windows size :(1280, 719)******************
**************URL:https://login.circleboom.com/oauth2/authorize?client_id=0969b30c-f71c-40f8-9905-2be8ec8667d4&response_type=code&redirect_uri=https://publish.circleboom.com/oauth-redirect&scope=offline_access&state=yiv14rimbznw6bdzv2vfnffsy94mi16xcfvspla1tp1ndskpj9j12zmqrjjvsmgx&code_challenge=UMZRujlv8XcSn9w3PAKukUwPJGUsKvHAThMOodrJhkY&code_challenge_method=S256******************
  &amp#27;[32mGiven &amp#27;[0m&amp#27;[32mI am on the home page&amp#27;[0m                           &amp#27;[90m# com.circleboom.step_definitions.Login_StepDefs.i_am_on_the_home_page()&amp#27;[0m
  &amp#27;[32mWhen &amp#27;[0m&amp#27;[32mI login right credentials for free verified user&amp#27;[0m &amp#27;[90m# com.circleboom.step_definitions.Login_StepDefs.iLoginRightCredentialsForFreeVerifiedUser()&amp#27;[0m
  &amp#27;[31mWhen &amp#27;[0m&amp#27;[31mI click create new post button&amp#27;[0m                   &amp#27;[90m# com.circleboom.step_definitions.CreateNewPost_StepDefs.i_click_create_new_post_button()&amp#27;[0m
      &amp#27;[31morg.openqa.selenium.TimeoutException: Expected condition failed: waiting for element to be clickable: [[ChromeDriver: chrome on MAC (b7ab7c338d30dfbd03f42796faf246ea)] -> xpath: //a[contains(@class,'sidenav_new_post')]] (tried for 15 second(s) with 500 milliseconds interval)
Build info: version: '4.1.1', revision: 'e8fcc2cecf'
System info: host: 'Kaufers-MacBook-Pro.local', ip: 'fe80:0:0:0:48d:8354:e306:b098%en0', os.name: 'Mac OS X', os.arch: 'x86_64', os.version: '10.15.6', java.version: '13.0.2'
Driver info: org.openqa.selenium.chrome.ChromeDriver
Capabilities {acceptInsecureCerts: false, browserName: chrome, browserVersion: 106.0.5249.119, chrome: {chromedriverVersion: 106.0.5249.61 (511755355844..., userDataDir: /var/folders/5c/y1zp5cjd5sn...}, goog:chromeOptions: {debuggerAddress: localhost:57835}, javascriptEnabled: true, networkConnectionEnabled: false, pageLoadStrategy: eager, platform: MAC, platformName: MAC, proxy: Proxy(), se:cdp: ws://localhost:57835/devtoo..., se:cdpVersion: 106.0.5249.119, setWindowRect: true, strictFileInteractability: false, timeouts: {implicit: 0, pageLoad: 300000, script: 30000}, unhandledPromptBehavior: dismiss and notify, webauthn:extension:credBlob: true, webauthn:extension:largeBlob: true, webauthn:virtualAuthenticators: true}
Session ID: b7ab7c338d30dfbd03f42796faf246ea
	at org.openqa.selenium.support.ui.WebDriverWait.timeoutException(WebDriverWait.java:138)
	at org.openqa.selenium.support.ui.FluentWait.until(FluentWait.java:231)
	at com.circleboom.step_definitions.CreateNewPost_StepDefs.i_click_create_new_post_button(CreateNewPost_StepDefs.java:39)
	at ✽.I click create new post button(file:///Users/yilmaz/Downloads/publish-ui-tests-main/src/test/resources/com/circleboom/features/CreateNewPost_FreeAccount.feature:7)
&amp#27;[0m
  &amp#27;[36mWhen &amp#27;[0m&amp#27;[36mI click select account link&amp#27;[0m                      &amp#27;[90m# com.circleboom.step_definitions.CreateNewPost_StepDefs.i_click_select_account_link()&amp#27;[0m
  &amp#27;[36mAnd &amp#27;[0m&amp#27;[36mI select an Twitter account&amp#27;[0m                       &amp#27;[90m# com.circleboom.step_definitions.CreateNewPost_StepDefs.iSelectAnTwitterAccount()&amp#27;[0m
  &amp#27;[36mWhen &amp#27;[0m&amp#27;[36mI started to enter my message&amp#27;[0m                    &amp#27;[90m# com.circleboom.step_definitions.CreateNewPost_StepDefs.i_started_to_enter_my_message()&amp#27;[0m
  &amp#27;[36mWhen &amp#27;[0m&amp#27;[36mclick to post my message&amp#27;[0m                         &amp#27;[90m# com.circleboom.step_definitions.CreateNewPost_StepDefs.clickToPostMyMessage()&amp#27;[0m
  &amp#27;[36mThen &amp#27;[0m&amp#27;[36mI should see a popup shows my message sent&amp#27;[0m       &amp#27;[90m# com.circleboom.step_definitions.CreateNewPost_StepDefs.iShouldSeeAPopupShowsMyMessageSent()&amp#27;[0m
After hooks

    Embedding Post my message free account [image/png 255186 bytes]

]]></system-out>
    <system-err><![CDATA[SLF4J: Failed to load class "org.slf4j.impl.StaticLoggerBinder".
SLF4J: Defaulting to no-operation (NOP) logger implementation
SLF4J: See http://www.slf4j.org/codes.html#StaticLoggerBinder for further details.
Starting ChromeDriver 106.0.5249.61 (511755355844955cd3e264779baf0dd38212a4d0-refs/branch-heads/5249@{#569}) on port 60193
Only local connections are allowed.
Please see https://chromedriver.chromium.org/security-considerations for suggestions on keeping ChromeDriver safe.
ChromeDriver was started successfully.
Oct 24, 2022 10:12:12 PM org.openqa.selenium.remote.ProtocolHandshake createSession
INFO: Detected dialect: W3C
Oct 24, 2022 10:12:12 PM org.openqa.selenium.devtools.CdpVersionFinder findNearestMatch
WARNING: Unable to find an exact match for CDP version 106, so returning the closest version found: a no-op implementation
Oct 24, 2022 10:12:12 PM org.openqa.selenium.devtools.CdpVersionFinder findNearestMatch
INFO: Unable to find CDP implementation matching 106.
Oct 24, 2022 10:12:12 PM org.openqa.selenium.chromium.ChromiumDriver lambda$new$3
WARNING: Unable to find version of CDP to use for . You may need to include a dependency on a specific version of the CDP using something similar to `org.seleniumhq.selenium:selenium-devtools-v86:4.1.1` where the version ("v86") matches the version of the chromium-based browser you're using and the version number of the artifact is the same as Selenium's.
Oct 24, 2022 10:12:45 PM org.openqa.selenium.remote.http.WebSocket$Listener onError
WARNING: Connection reset
java.net.SocketException: Connection reset
	at java.base/sun.nio.ch.SocketChannelImpl.throwConnectionReset(SocketChannelImpl.java:345)
	at java.base/sun.nio.ch.SocketChannelImpl.read(SocketChannelImpl.java:376)
	at io.netty.buffer.PooledByteBuf.setBytes(PooledByteBuf.java:253)
	at io.netty.buffer.AbstractByteBuf.writeBytes(AbstractByteBuf.java:1132)
	at io.netty.channel.socket.nio.NioSocketChannel.doReadBytes(NioSocketChannel.java:350)
	at io.netty.channel.nio.AbstractNioByteChannel$NioByteUnsafe.read(AbstractNioByteChannel.java:151)
	at io.netty.channel.nio.NioEventLoop.processSelectedKey(NioEventLoop.java:719)
	at io.netty.channel.nio.NioEventLoop.processSelectedKeysOptimized(NioEventLoop.java:655)
	at io.netty.channel.nio.NioEventLoop.processSelectedKeys(NioEventLoop.java:581)
	at io.netty.channel.nio.NioEventLoop.run(NioEventLoop.java:493)
	at io.netty.util.concurrent.SingleThreadEventExecutor$4.run(SingleThreadEventExecutor.java:986)
	at io.netty.util.internal.ThreadExecutorMap$2.run(ThreadExecutorMap.java:74)
	at io.netty.util.concurrent.FastThreadLocalRunnable.run(FastThreadLocalRunnable.java:30)
	at java.base/java.lang.Thread.run(Thread.java:830)

]]></system-err>
  </testcase>
</testsuite>